<?xml version="1.0" encoding="UTF-8"?>
<!-- Generated by org.testng.reporters.JUnitXMLReporter -->
<testsuite ignored="1" hostname="LAPTOP-J5E37TJF" failures="1" tests="5" name="Test" time="0.508" errors="0" timestamp="24 Dec 2021 06:43:14 GMT">
  <testcase classname="extentreport.BasicExtentReport" name="testCase1" time="0.009"/>
  <testcase classname="extentreport.BasicExtentReport" name="testCase2" time="0.001"/>
  <testcase classname="extentreport.BasicExtentReport" name="testCase3" time="0.001"/>
  <testcase classname="extentreport.BasicExtentReport" name="testCase4" time="0.002">
    <failure type="java.lang.AssertionError" message="expected [true] but found [false]">
      <![CDATA[java.lang.AssertionError: expected [true] but found [false]
at extentreport.BasicExtentReport.testCase4(BasicExtentReport.java:75)
... Removed 29 stack frames]]>
    </failure>
  </testcase> <!-- testCase4 -->
  <testcase classname="extentreport.BasicExtentReport" name="testCase5" time="0.003">
    <skipped/>
  </testcase> <!-- testCase5 -->
  <testcase classname="extentreport.BasicExtentReport" name="testCase6" time="0.0">
    <ignored/>
  </testcase> <!-- testCase6 -->
</testsuite> <!-- Test -->
